<?xml version="1.0" encoding="UTF-8"?>
<!-- Generated by org.testng.reporters.JUnitReportReporter -->
<testsuite hostname="IN3070789W1" failures="0" tests="4" name="testng_package.AnnotationsTest" time="0.050" errors="0" timestamp="2023-01-06T09:50:19 IST" skipped="1">
  <testcase classname="testng_package.AnnotationsTest" name="af2" time="0.034"/>
  <system-out>
    <![CDATA[in af2]]>
  </system-out>
  <testcase classname="testng_package.AnnotationsTest" name="F1" time="0.007"/>
  <system-out>
    <![CDATA[in F1]]>
  </system-out>
  <testcase classname="testng_package.AnnotationsTest" name="F" time="0.009"/>
  <system-out>
    <![CDATA[in F]]>
  </system-out>
  <testcase classname="testng_package.AnnotationsTest" name="BF">
    <skipped/>
  </testcase> <!-- BF -->
  <system-out/>
</testsuite> <!-- testng_package.AnnotationsTest -->
