<?xml version="1.0" encoding="UTF-8"?>
<!-- Generated by org.testng.reporters.JUnitReportReporter -->
<testsuite hostname="IN3070789W1" failures="0" tests="3" name="testng_package.NewTest" time="15.862" errors="0" timestamp="2023-01-06T09:27:14 IST" skipped="0">
  <testcase classname="testng_package.NewTest" name="openBrowser" time="11.762"/>
  <system-out/>
  <testcase classname="testng_package.NewTest" name="loginApp" time="3.803"/>
  <system-out/>
  <testcase classname="testng_package.NewTest" name="closeBrowser" time="0.297"/>
  <system-out/>
</testsuite> <!-- testng_package.NewTest -->
