<?xml version="1.0" encoding="UTF-8"?>
<!-- Generated by org.testng.reporters.JUnitReportReporter -->
<testsuite hostname="IN3070789W1" failures="0" tests="2" name="testng_package.MultiBrowser" time="8.341" errors="0" timestamp="2023-01-06T11:04:55 IST" skipped="0">
  <testcase classname="testng_package.MultiBrowser" name="f" time="4.455"/>
  <system-out/>
  <testcase classname="testng_package.MultiBrowser" name="f" time="3.886"/>
  <system-out/>
</testsuite> <!-- testng_package.MultiBrowser -->
