<?xml version="1.0" encoding="UTF-8"?>
<!-- Generated by org.testng.reporters.JUnitReportReporter -->
<testsuite hostname="IN3070789W1" failures="0" tests="1" name="testng_package.AdactinTest_Two" time="25.320" errors="0" timestamp="2023-01-06T08:51:07 IST" skipped="0">
  <testcase classname="testng_package.AdactinTest_Two" name="f" time="25.320"/>
  <system-out/>
</testsuite> <!-- testng_package.AdactinTest_Two -->
